CRITICAL - 2024-05-07 08:05:07 --> ErrorException: Array to string conversion
in APPPATH\Controllers\API.php on line 34.
 1 APPPATH\Controllers\API.php(34): CodeIgniter\Debug\Exceptions->errorHandler(2, 'Array to string conversion', 'C:\\xampp\\htdocs\\FIKRI\\app\\Controllers\\API.php', 34)
 2 SYSTEMPATH\CodeIgniter.php(941): App\Controllers\API->getGejala()
 3 SYSTEMPATH\CodeIgniter.php(502): CodeIgniter\CodeIgniter->runController(Object(App\Controllers\API))
 4 SYSTEMPATH\CodeIgniter.php(361): CodeIgniter\CodeIgniter->handleRequest(null, Object(Config\Cache), false)
 5 FCPATH\index.php(79): CodeIgniter\CodeIgniter->run()
 6 SYSTEMPATH\Commands\Server\rewrite.php(47): require_once('C:\\xampp\\htdocs\\FIKRI\\public\\index.php')
INFO - 2024-05-07 08:47:12 --> Session: Class initialized using 'CodeIgniter\Session\Handlers\FileHandler' driver.
INFO - 2024-05-07 08:47:12 --> Session: Class initialized using 'CodeIgniter\Session\Handlers\FileHandler' driver.
INFO - 2024-05-07 08:47:17 --> Session: Class initialized using 'CodeIgniter\Session\Handlers\FileHandler' driver.
INFO - 2024-05-07 08:47:20 --> Session: Class initialized using 'CodeIgniter\Session\Handlers\FileHandler' driver.
INFO - 2024-05-07 08:48:25 --> Session: Class initialized using 'CodeIgniter\Session\Handlers\FileHandler' driver.
INFO - 2024-05-07 09:33:18 --> Session: Class initialized using 'CodeIgniter\Session\Handlers\FileHandler' driver.
ERROR - 2024-05-07 10:16:40 --> mysqli_sql_exception: Table 'pakar.nilaicf' doesn't exist in C:\xampp\htdocs\FIKRI\system\Database\MySQLi\Connection.php:306
Stack trace:
#0 C:\xampp\htdocs\FIKRI\system\Database\MySQLi\Connection.php(306): mysqli->query('SELECT *\nFROM `...', 0)
#1 C:\xampp\htdocs\FIKRI\system\Database\BaseConnection.php(693): CodeIgniter\Database\MySQLi\Connection->execute('SELECT *\nFROM `...')
#2 C:\xampp\htdocs\FIKRI\system\Database\BaseConnection.php(607): CodeIgniter\Database\BaseConnection->simpleQuery('SELECT *\nFROM `...')
#3 C:\xampp\htdocs\FIKRI\system\Database\BaseBuilder.php(1613): CodeIgniter\Database\BaseConnection->query('SELECT *\nFROM `...', Array, false)
#4 C:\xampp\htdocs\FIKRI\system\Model.php(242): CodeIgniter\Database\BaseBuilder->get()
#5 C:\xampp\htdocs\FIKRI\system\BaseModel.php(638): CodeIgniter\Model->doFindAll(0, 0)
#6 C:\xampp\htdocs\FIKRI\app\Controllers\NilaiCf.php(27): CodeIgniter\BaseModel->findAll()
#7 C:\xampp\htdocs\FIKRI\system\CodeIgniter.php(941): App\Controllers\NilaiCf->index()
#8 C:\xampp\htdocs\FIKRI\system\CodeIgniter.php(502): CodeIgniter\CodeIgniter->runController(Object(App\Controllers\NilaiCf))
#9 C:\xampp\htdocs\FIKRI\system\CodeIgniter.php(361): CodeIgniter\CodeIgniter->handleRequest(NULL, Object(Config\Cache), false)
#10 C:\xampp\htdocs\FIKRI\public\index.php(79): CodeIgniter\CodeIgniter->run()
#11 C:\xampp\htdocs\FIKRI\system\Commands\Server\rewrite.php(47): require_once('C:\\xampp\\htdocs...')
#12 {main}
CRITICAL - 2024-05-07 10:16:40 --> CodeIgniter\Database\Exceptions\DatabaseException: Table 'pakar.nilaicf' doesn't exist
in SYSTEMPATH\Database\BaseConnection.php on line 647.
 1 SYSTEMPATH\Database\BaseBuilder.php(1613): CodeIgniter\Database\BaseConnection->query('SELECT *
FROM `nilaicf`', [], false)
 2 SYSTEMPATH\Model.php(242): CodeIgniter\Database\BaseBuilder->get()
 3 SYSTEMPATH\BaseModel.php(638): CodeIgniter\Model->doFindAll(0, 0)
 4 APPPATH\Controllers\NilaiCf.php(27): CodeIgniter\BaseModel->findAll()
 5 SYSTEMPATH\CodeIgniter.php(941): App\Controllers\NilaiCf->index()
 6 SYSTEMPATH\CodeIgniter.php(502): CodeIgniter\CodeIgniter->runController(Object(App\Controllers\NilaiCf))
 7 SYSTEMPATH\CodeIgniter.php(361): CodeIgniter\CodeIgniter->handleRequest(null, Object(Config\Cache), false)
 8 FCPATH\index.php(79): CodeIgniter\CodeIgniter->run()
 9 SYSTEMPATH\Commands\Server\rewrite.php(47): require_once('C:\\xampp\\htdocs\\FIKRI\\public\\index.php')
CRITICAL - 2024-05-07 10:16:40 --> [Caused by] CodeIgniter\Database\Exceptions\DatabaseException: Table 'pakar.nilaicf' doesn't exist
in SYSTEMPATH\Database\MySQLi\Connection.php on line 311.
 1 SYSTEMPATH\Database\BaseConnection.php(693): CodeIgniter\Database\MySQLi\Connection->execute('SELECT *
FROM `nilaicf`')
 2 SYSTEMPATH\Database\BaseConnection.php(607): CodeIgniter\Database\BaseConnection->simpleQuery('SELECT *
FROM `nilaicf`')
 3 SYSTEMPATH\Database\BaseBuilder.php(1613): CodeIgniter\Database\BaseConnection->query('SELECT *
FROM `nilaicf`', [], false)
 4 SYSTEMPATH\Model.php(242): CodeIgniter\Database\BaseBuilder->get()
 5 SYSTEMPATH\BaseModel.php(638): CodeIgniter\Model->doFindAll(0, 0)
 6 APPPATH\Controllers\NilaiCf.php(27): CodeIgniter\BaseModel->findAll()
 7 SYSTEMPATH\CodeIgniter.php(941): App\Controllers\NilaiCf->index()
 8 SYSTEMPATH\CodeIgniter.php(502): CodeIgniter\CodeIgniter->runController(Object(App\Controllers\NilaiCf))
 9 SYSTEMPATH\CodeIgniter.php(361): CodeIgniter\CodeIgniter->handleRequest(null, Object(Config\Cache), false)
10 FCPATH\index.php(79): CodeIgniter\CodeIgniter->run()
11 SYSTEMPATH\Commands\Server\rewrite.php(47): require_once('C:\\xampp\\htdocs\\FIKRI\\public\\index.php')
CRITICAL - 2024-05-07 10:16:40 --> [Caused by] mysqli_sql_exception: Table 'pakar.nilaicf' doesn't exist
in SYSTEMPATH\Database\MySQLi\Connection.php on line 306.
 1 SYSTEMPATH\Database\MySQLi\Connection.php(306): mysqli->query('SELECT *
FROM `nilaicf`', 0)
 2 SYSTEMPATH\Database\BaseConnection.php(693): CodeIgniter\Database\MySQLi\Connection->execute('SELECT *
FROM `nilaicf`')
 3 SYSTEMPATH\Database\BaseConnection.php(607): CodeIgniter\Database\BaseConnection->simpleQuery('SELECT *
FROM `nilaicf`')
 4 SYSTEMPATH\Database\BaseBuilder.php(1613): CodeIgniter\Database\BaseConnection->query('SELECT *
FROM `nilaicf`', [], false)
 5 SYSTEMPATH\Model.php(242): CodeIgniter\Database\BaseBuilder->get()
 6 SYSTEMPATH\BaseModel.php(638): CodeIgniter\Model->doFindAll(0, 0)
 7 APPPATH\Controllers\NilaiCf.php(27): CodeIgniter\BaseModel->findAll()
 8 SYSTEMPATH\CodeIgniter.php(941): App\Controllers\NilaiCf->index()
 9 SYSTEMPATH\CodeIgniter.php(502): CodeIgniter\CodeIgniter->runController(Object(App\Controllers\NilaiCf))
10 SYSTEMPATH\CodeIgniter.php(361): CodeIgniter\CodeIgniter->handleRequest(null, Object(Config\Cache), false)
11 FCPATH\index.php(79): CodeIgniter\CodeIgniter->run()
12 SYSTEMPATH\Commands\Server\rewrite.php(47): require_once('C:\\xampp\\htdocs\\FIKRI\\public\\index.php')
INFO - 2024-05-07 10:16:47 --> Session: Class initialized using 'CodeIgniter\Session\Handlers\FileHandler' driver.
ERROR - 2024-05-07 10:16:49 --> mysqli_sql_exception: Table 'pakar.nilaicf' doesn't exist in C:\xampp\htdocs\FIKRI\system\Database\MySQLi\Connection.php:306
Stack trace:
#0 C:\xampp\htdocs\FIKRI\system\Database\MySQLi\Connection.php(306): mysqli->query('SELECT *\nFROM `...', 0)
#1 C:\xampp\htdocs\FIKRI\system\Database\BaseConnection.php(693): CodeIgniter\Database\MySQLi\Connection->execute('SELECT *\nFROM `...')
#2 C:\xampp\htdocs\FIKRI\system\Database\BaseConnection.php(607): CodeIgniter\Database\BaseConnection->simpleQuery('SELECT *\nFROM `...')
#3 C:\xampp\htdocs\FIKRI\system\Database\BaseBuilder.php(1613): CodeIgniter\Database\BaseConnection->query('SELECT *\nFROM `...', Array, false)
#4 C:\xampp\htdocs\FIKRI\system\Model.php(242): CodeIgniter\Database\BaseBuilder->get()
#5 C:\xampp\htdocs\FIKRI\system\BaseModel.php(638): CodeIgniter\Model->doFindAll(0, 0)
#6 C:\xampp\htdocs\FIKRI\app\Controllers\NilaiCf.php(27): CodeIgniter\BaseModel->findAll()
#7 C:\xampp\htdocs\FIKRI\system\CodeIgniter.php(941): App\Controllers\NilaiCf->index()
#8 C:\xampp\htdocs\FIKRI\system\CodeIgniter.php(502): CodeIgniter\CodeIgniter->runController(Object(App\Controllers\NilaiCf))
#9 C:\xampp\htdocs\FIKRI\system\CodeIgniter.php(361): CodeIgniter\CodeIgniter->handleRequest(NULL, Object(Config\Cache), false)
#10 C:\xampp\htdocs\FIKRI\public\index.php(79): CodeIgniter\CodeIgniter->run()
#11 C:\xampp\htdocs\FIKRI\system\Commands\Server\rewrite.php(47): require_once('C:\\xampp\\htdocs...')
#12 {main}
CRITICAL - 2024-05-07 10:16:49 --> CodeIgniter\Database\Exceptions\DatabaseException: Table 'pakar.nilaicf' doesn't exist
in SYSTEMPATH\Database\BaseConnection.php on line 647.
 1 SYSTEMPATH\Database\BaseBuilder.php(1613): CodeIgniter\Database\BaseConnection->query('SELECT *
FROM `nilaicf`', [], false)
 2 SYSTEMPATH\Model.php(242): CodeIgniter\Database\BaseBuilder->get()
 3 SYSTEMPATH\BaseModel.php(638): CodeIgniter\Model->doFindAll(0, 0)
 4 APPPATH\Controllers\NilaiCf.php(27): CodeIgniter\BaseModel->findAll()
 5 SYSTEMPATH\CodeIgniter.php(941): App\Controllers\NilaiCf->index()
 6 SYSTEMPATH\CodeIgniter.php(502): CodeIgniter\CodeIgniter->runController(Object(App\Controllers\NilaiCf))
 7 SYSTEMPATH\CodeIgniter.php(361): CodeIgniter\CodeIgniter->handleRequest(null, Object(Config\Cache), false)
 8 FCPATH\index.php(79): CodeIgniter\CodeIgniter->run()
 9 SYSTEMPATH\Commands\Server\rewrite.php(47): require_once('C:\\xampp\\htdocs\\FIKRI\\public\\index.php')
CRITICAL - 2024-05-07 10:16:49 --> [Caused by] CodeIgniter\Database\Exceptions\DatabaseException: Table 'pakar.nilaicf' doesn't exist
in SYSTEMPATH\Database\MySQLi\Connection.php on line 311.
 1 SYSTEMPATH\Database\BaseConnection.php(693): CodeIgniter\Database\MySQLi\Connection->execute('SELECT *
FROM `nilaicf`')
 2 SYSTEMPATH\Database\BaseConnection.php(607): CodeIgniter\Database\BaseConnection->simpleQuery('SELECT *
FROM `nilaicf`')
 3 SYSTEMPATH\Database\BaseBuilder.php(1613): CodeIgniter\Database\BaseConnection->query('SELECT *
FROM `nilaicf`', [], false)
 4 SYSTEMPATH\Model.php(242): CodeIgniter\Database\BaseBuilder->get()
 5 SYSTEMPATH\BaseModel.php(638): CodeIgniter\Model->doFindAll(0, 0)
 6 APPPATH\Controllers\NilaiCf.php(27): CodeIgniter\BaseModel->findAll()
 7 SYSTEMPATH\CodeIgniter.php(941): App\Controllers\NilaiCf->index()
 8 SYSTEMPATH\CodeIgniter.php(502): CodeIgniter\CodeIgniter->runController(Object(App\Controllers\NilaiCf))
 9 SYSTEMPATH\CodeIgniter.php(361): CodeIgniter\CodeIgniter->handleRequest(null, Object(Config\Cache), false)
10 FCPATH\index.php(79): CodeIgniter\CodeIgniter->run()
11 SYSTEMPATH\Commands\Server\rewrite.php(47): require_once('C:\\xampp\\htdocs\\FIKRI\\public\\index.php')
CRITICAL - 2024-05-07 10:16:49 --> [Caused by] mysqli_sql_exception: Table 'pakar.nilaicf' doesn't exist
in SYSTEMPATH\Database\MySQLi\Connection.php on line 306.
 1 SYSTEMPATH\Database\MySQLi\Connection.php(306): mysqli->query('SELECT *
FROM `nilaicf`', 0)
 2 SYSTEMPATH\Database\BaseConnection.php(693): CodeIgniter\Database\MySQLi\Connection->execute('SELECT *
FROM `nilaicf`')
 3 SYSTEMPATH\Database\BaseConnection.php(607): CodeIgniter\Database\BaseConnection->simpleQuery('SELECT *
FROM `nilaicf`')
 4 SYSTEMPATH\Database\BaseBuilder.php(1613): CodeIgniter\Database\BaseConnection->query('SELECT *
FROM `nilaicf`', [], false)
 5 SYSTEMPATH\Model.php(242): CodeIgniter\Database\BaseBuilder->get()
 6 SYSTEMPATH\BaseModel.php(638): CodeIgniter\Model->doFindAll(0, 0)
 7 APPPATH\Controllers\NilaiCf.php(27): CodeIgniter\BaseModel->findAll()
 8 SYSTEMPATH\CodeIgniter.php(941): App\Controllers\NilaiCf->index()
 9 SYSTEMPATH\CodeIgniter.php(502): CodeIgniter\CodeIgniter->runController(Object(App\Controllers\NilaiCf))
10 SYSTEMPATH\CodeIgniter.php(361): CodeIgniter\CodeIgniter->handleRequest(null, Object(Config\Cache), false)
11 FCPATH\index.php(79): CodeIgniter\CodeIgniter->run()
12 SYSTEMPATH\Commands\Server\rewrite.php(47): require_once('C:\\xampp\\htdocs\\FIKRI\\public\\index.php')
INFO - 2024-05-07 10:17:13 --> Session: Class initialized using 'CodeIgniter\Session\Handlers\FileHandler' driver.
INFO - 2024-05-07 10:17:15 --> Session: Class initialized using 'CodeIgniter\Session\Handlers\FileHandler' driver.
INFO - 2024-05-07 10:17:33 --> Session: Class initialized using 'CodeIgniter\Session\Handlers\FileHandler' driver.
ERROR - 2024-05-07 10:18:02 --> mysqli_sql_exception: Unknown column 'id_penyakit' in 'field list' in C:\xampp\htdocs\FIKRI\system\Database\MySQLi\Connection.php:306
Stack trace:
#0 C:\xampp\htdocs\FIKRI\system\Database\MySQLi\Connection.php(306): mysqli->query('INSERT INTO `ni...', 0)
#1 C:\xampp\htdocs\FIKRI\system\Database\BaseConnection.php(693): CodeIgniter\Database\MySQLi\Connection->execute('INSERT INTO `ni...')
#2 C:\xampp\htdocs\FIKRI\system\Database\BaseConnection.php(607): CodeIgniter\Database\BaseConnection->simpleQuery('INSERT INTO `ni...')
#3 C:\xampp\htdocs\FIKRI\system\Database\BaseBuilder.php(2302): CodeIgniter\Database\BaseConnection->query('INSERT INTO `ni...', Array, false)
#4 C:\xampp\htdocs\FIKRI\system\Model.php(326): CodeIgniter\Database\BaseBuilder->insert()
#5 C:\xampp\htdocs\FIKRI\system\BaseModel.php(802): CodeIgniter\Model->doInsert(Array)
#6 C:\xampp\htdocs\FIKRI\system\Model.php(744): CodeIgniter\BaseModel->insert(Array, true)
#7 C:\xampp\htdocs\FIKRI\app\Controllers\NilaiCf.php(55): CodeIgniter\Model->insert(Array)
#8 C:\xampp\htdocs\FIKRI\system\CodeIgniter.php(941): App\Controllers\NilaiCf->simpan()
#9 C:\xampp\htdocs\FIKRI\system\CodeIgniter.php(502): CodeIgniter\CodeIgniter->runController(Object(App\Controllers\NilaiCf))
#10 C:\xampp\htdocs\FIKRI\system\CodeIgniter.php(361): CodeIgniter\CodeIgniter->handleRequest(NULL, Object(Config\Cache), false)
#11 C:\xampp\htdocs\FIKRI\public\index.php(79): CodeIgniter\CodeIgniter->run()
#12 C:\xampp\htdocs\FIKRI\system\Commands\Server\rewrite.php(47): require_once('C:\\xampp\\htdocs...')
#13 {main}
CRITICAL - 2024-05-07 10:18:02 --> CodeIgniter\Database\Exceptions\DatabaseException: Unknown column 'id_penyakit' in 'field list'
in SYSTEMPATH\Database\BaseConnection.php on line 647.
 1 SYSTEMPATH\Database\BaseBuilder.php(2302): CodeIgniter\Database\BaseConnection->query('INSERT INTO `nilai_cf` (`id_penyakit`, `id_gejala`, `Nilai_MB`, `Nilai_MD`, `nilai_cf`) VALUES (:id_penyakit:, :id_gejala:, :Nilai_MB:, :Nilai_MD:, :nilai_cf:)', [...], false)
 2 SYSTEMPATH\Model.php(326): CodeIgniter\Database\BaseBuilder->insert()
 3 SYSTEMPATH\BaseModel.php(802): CodeIgniter\Model->doInsert([...])
 4 SYSTEMPATH\Model.php(744): CodeIgniter\BaseModel->insert([...], true)
 5 APPPATH\Controllers\NilaiCf.php(55): CodeIgniter\Model->insert([...])
 6 SYSTEMPATH\CodeIgniter.php(941): App\Controllers\NilaiCf->simpan()
 7 SYSTEMPATH\CodeIgniter.php(502): CodeIgniter\CodeIgniter->runController(Object(App\Controllers\NilaiCf))
 8 SYSTEMPATH\CodeIgniter.php(361): CodeIgniter\CodeIgniter->handleRequest(null, Object(Config\Cache), false)
 9 FCPATH\index.php(79): CodeIgniter\CodeIgniter->run()
10 SYSTEMPATH\Commands\Server\rewrite.php(47): require_once('C:\\xampp\\htdocs\\FIKRI\\public\\index.php')
CRITICAL - 2024-05-07 10:18:02 --> [Caused by] CodeIgniter\Database\Exceptions\DatabaseException: Unknown column 'id_penyakit' in 'field list'
in SYSTEMPATH\Database\MySQLi\Connection.php on line 311.
 1 SYSTEMPATH\Database\BaseConnection.php(693): CodeIgniter\Database\MySQLi\Connection->execute('INSERT INTO `nilai_cf` (`id_penyakit`, `id_gejala`, `Nilai_MB`, `Nilai_MD`, `nilai_cf`) VALUES (\'Maag\', \'Mual Saat atau setelah makan\', \'0.60\', \'0.40\', \'1\')')
 2 SYSTEMPATH\Database\BaseConnection.php(607): CodeIgniter\Database\BaseConnection->simpleQuery('INSERT INTO `nilai_cf` (`id_penyakit`, `id_gejala`, `Nilai_MB`, `Nilai_MD`, `nilai_cf`) VALUES (\'Maag\', \'Mual Saat atau setelah makan\', \'0.60\', \'0.40\', \'1\')')
 3 SYSTEMPATH\Database\BaseBuilder.php(2302): CodeIgniter\Database\BaseConnection->query('INSERT INTO `nilai_cf` (`id_penyakit`, `id_gejala`, `Nilai_MB`, `Nilai_MD`, `nilai_cf`) VALUES (:id_penyakit:, :id_gejala:, :Nilai_MB:, :Nilai_MD:, :nilai_cf:)', [...], false)
 4 SYSTEMPATH\Model.php(326): CodeIgniter\Database\BaseBuilder->insert()
 5 SYSTEMPATH\BaseModel.php(802): CodeIgniter\Model->doInsert([...])
 6 SYSTEMPATH\Model.php(744): CodeIgniter\BaseModel->insert([...], true)
 7 APPPATH\Controllers\NilaiCf.php(55): CodeIgniter\Model->insert([...])
 8 SYSTEMPATH\CodeIgniter.php(941): App\Controllers\NilaiCf->simpan()
 9 SYSTEMPATH\CodeIgniter.php(502): CodeIgniter\CodeIgniter->runController(Object(App\Controllers\NilaiCf))
10 SYSTEMPATH\CodeIgniter.php(361): CodeIgniter\CodeIgniter->handleRequest(null, Object(Config\Cache), false)
11 FCPATH\index.php(79): CodeIgniter\CodeIgniter->run()
12 SYSTEMPATH\Commands\Server\rewrite.php(47): require_once('C:\\xampp\\htdocs\\FIKRI\\public\\index.php')
CRITICAL - 2024-05-07 10:18:02 --> [Caused by] mysqli_sql_exception: Unknown column 'id_penyakit' in 'field list'
in SYSTEMPATH\Database\MySQLi\Connection.php on line 306.
 1 SYSTEMPATH\Database\MySQLi\Connection.php(306): mysqli->query('INSERT INTO `nilai_cf` (`id_penyakit`, `id_gejala`, `Nilai_MB`, `Nilai_MD`, `nilai_cf`) VALUES (\'Maag\', \'Mual Saat atau setelah makan\', \'0.60\', \'0.40\', \'1\')', 0)
 2 SYSTEMPATH\Database\BaseConnection.php(693): CodeIgniter\Database\MySQLi\Connection->execute('INSERT INTO `nilai_cf` (`id_penyakit`, `id_gejala`, `Nilai_MB`, `Nilai_MD`, `nilai_cf`) VALUES (\'Maag\', \'Mual Saat atau setelah makan\', \'0.60\', \'0.40\', \'1\')')
 3 SYSTEMPATH\Database\BaseConnection.php(607): CodeIgniter\Database\BaseConnection->simpleQuery('INSERT INTO `nilai_cf` (`id_penyakit`, `id_gejala`, `Nilai_MB`, `Nilai_MD`, `nilai_cf`) VALUES (\'Maag\', \'Mual Saat atau setelah makan\', \'0.60\', \'0.40\', \'1\')')
 4 SYSTEMPATH\Database\BaseBuilder.php(2302): CodeIgniter\Database\BaseConnection->query('INSERT INTO `nilai_cf` (`id_penyakit`, `id_gejala`, `Nilai_MB`, `Nilai_MD`, `nilai_cf`) VALUES (:id_penyakit:, :id_gejala:, :Nilai_MB:, :Nilai_MD:, :nilai_cf:)', [...], false)
 5 SYSTEMPATH\Model.php(326): CodeIgniter\Database\BaseBuilder->insert()
 6 SYSTEMPATH\BaseModel.php(802): CodeIgniter\Model->doInsert([...])
 7 SYSTEMPATH\Model.php(744): CodeIgniter\BaseModel->insert([...], true)
 8 APPPATH\Controllers\NilaiCf.php(55): CodeIgniter\Model->insert([...])
 9 SYSTEMPATH\CodeIgniter.php(941): App\Controllers\NilaiCf->simpan()
10 SYSTEMPATH\CodeIgniter.php(502): CodeIgniter\CodeIgniter->runController(Object(App\Controllers\NilaiCf))
11 SYSTEMPATH\CodeIgniter.php(361): CodeIgniter\CodeIgniter->handleRequest(null, Object(Config\Cache), false)
12 FCPATH\index.php(79): CodeIgniter\CodeIgniter->run()
13 SYSTEMPATH\Commands\Server\rewrite.php(47): require_once('C:\\xampp\\htdocs\\FIKRI\\public\\index.php')
ERROR - 2024-05-07 10:19:21 --> mysqli_sql_exception: Unknown column 'nilai_cf' in 'field list' in C:\xampp\htdocs\FIKRI\system\Database\MySQLi\Connection.php:306
Stack trace:
#0 C:\xampp\htdocs\FIKRI\system\Database\MySQLi\Connection.php(306): mysqli->query('INSERT INTO `ni...', 0)
#1 C:\xampp\htdocs\FIKRI\system\Database\BaseConnection.php(693): CodeIgniter\Database\MySQLi\Connection->execute('INSERT INTO `ni...')
#2 C:\xampp\htdocs\FIKRI\system\Database\BaseConnection.php(607): CodeIgniter\Database\BaseConnection->simpleQuery('INSERT INTO `ni...')
#3 C:\xampp\htdocs\FIKRI\system\Database\BaseBuilder.php(2302): CodeIgniter\Database\BaseConnection->query('INSERT INTO `ni...', Array, false)
#4 C:\xampp\htdocs\FIKRI\system\Model.php(326): CodeIgniter\Database\BaseBuilder->insert()
#5 C:\xampp\htdocs\FIKRI\system\BaseModel.php(802): CodeIgniter\Model->doInsert(Array)
#6 C:\xampp\htdocs\FIKRI\system\Model.php(744): CodeIgniter\BaseModel->insert(Array, true)
#7 C:\xampp\htdocs\FIKRI\app\Controllers\NilaiCf.php(55): CodeIgniter\Model->insert(Array)
#8 C:\xampp\htdocs\FIKRI\system\CodeIgniter.php(941): App\Controllers\NilaiCf->simpan()
#9 C:\xampp\htdocs\FIKRI\system\CodeIgniter.php(502): CodeIgniter\CodeIgniter->runController(Object(App\Controllers\NilaiCf))
#10 C:\xampp\htdocs\FIKRI\system\CodeIgniter.php(361): CodeIgniter\CodeIgniter->handleRequest(NULL, Object(Config\Cache), false)
#11 C:\xampp\htdocs\FIKRI\public\index.php(79): CodeIgniter\CodeIgniter->run()
#12 C:\xampp\htdocs\FIKRI\system\Commands\Server\rewrite.php(47): require_once('C:\\xampp\\htdocs...')
#13 {main}
CRITICAL - 2024-05-07 10:19:21 --> CodeIgniter\Database\Exceptions\DatabaseException: Unknown column 'nilai_cf' in 'field list'
in SYSTEMPATH\Database\BaseConnection.php on line 647.
 1 SYSTEMPATH\Database\BaseBuilder.php(2302): CodeIgniter\Database\BaseConnection->query('INSERT INTO `nilai_cf` (`penyakit`, `gejala`, `Nilai_MB`, `Nilai_MD`, `nilai_cf`) VALUES (:penyakit:, :gejala:, :Nilai_MB:, :Nilai_MD:, :nilai_cf:)', [...], false)
 2 SYSTEMPATH\Model.php(326): CodeIgniter\Database\BaseBuilder->insert()
 3 SYSTEMPATH\BaseModel.php(802): CodeIgniter\Model->doInsert([...])
 4 SYSTEMPATH\Model.php(744): CodeIgniter\BaseModel->insert([...], true)
 5 APPPATH\Controllers\NilaiCf.php(55): CodeIgniter\Model->insert([...])
 6 SYSTEMPATH\CodeIgniter.php(941): App\Controllers\NilaiCf->simpan()
 7 SYSTEMPATH\CodeIgniter.php(502): CodeIgniter\CodeIgniter->runController(Object(App\Controllers\NilaiCf))
 8 SYSTEMPATH\CodeIgniter.php(361): CodeIgniter\CodeIgniter->handleRequest(null, Object(Config\Cache), false)
 9 FCPATH\index.php(79): CodeIgniter\CodeIgniter->run()
10 SYSTEMPATH\Commands\Server\rewrite.php(47): require_once('C:\\xampp\\htdocs\\FIKRI\\public\\index.php')
CRITICAL - 2024-05-07 10:19:21 --> [Caused by] CodeIgniter\Database\Exceptions\DatabaseException: Unknown column 'nilai_cf' in 'field list'
in SYSTEMPATH\Database\MySQLi\Connection.php on line 311.
 1 SYSTEMPATH\Database\BaseConnection.php(693): CodeIgniter\Database\MySQLi\Connection->execute('INSERT INTO `nilai_cf` (`penyakit`, `gejala`, `Nilai_MB`, `Nilai_MD`, `nilai_cf`) VALUES (NULL, NULL, NULL, NULL, NULL)')
 2 SYSTEMPATH\Database\BaseConnection.php(607): CodeIgniter\Database\BaseConnection->simpleQuery('INSERT INTO `nilai_cf` (`penyakit`, `gejala`, `Nilai_MB`, `Nilai_MD`, `nilai_cf`) VALUES (NULL, NULL, NULL, NULL, NULL)')
 3 SYSTEMPATH\Database\BaseBuilder.php(2302): CodeIgniter\Database\BaseConnection->query('INSERT INTO `nilai_cf` (`penyakit`, `gejala`, `Nilai_MB`, `Nilai_MD`, `nilai_cf`) VALUES (:penyakit:, :gejala:, :Nilai_MB:, :Nilai_MD:, :nilai_cf:)', [...], false)
 4 SYSTEMPATH\Model.php(326): CodeIgniter\Database\BaseBuilder->insert()
 5 SYSTEMPATH\BaseModel.php(802): CodeIgniter\Model->doInsert([...])
 6 SYSTEMPATH\Model.php(744): CodeIgniter\BaseModel->insert([...], true)
 7 APPPATH\Controllers\NilaiCf.php(55): CodeIgniter\Model->insert([...])
 8 SYSTEMPATH\CodeIgniter.php(941): App\Controllers\NilaiCf->simpan()
 9 SYSTEMPATH\CodeIgniter.php(502): CodeIgniter\CodeIgniter->runController(Object(App\Controllers\NilaiCf))
10 SYSTEMPATH\CodeIgniter.php(361): CodeIgniter\CodeIgniter->handleRequest(null, Object(Config\Cache), false)
11 FCPATH\index.php(79): CodeIgniter\CodeIgniter->run()
12 SYSTEMPATH\Commands\Server\rewrite.php(47): require_once('C:\\xampp\\htdocs\\FIKRI\\public\\index.php')
CRITICAL - 2024-05-07 10:19:21 --> [Caused by] mysqli_sql_exception: Unknown column 'nilai_cf' in 'field list'
in SYSTEMPATH\Database\MySQLi\Connection.php on line 306.
 1 SYSTEMPATH\Database\MySQLi\Connection.php(306): mysqli->query('INSERT INTO `nilai_cf` (`penyakit`, `gejala`, `Nilai_MB`, `Nilai_MD`, `nilai_cf`) VALUES (NULL, NULL, NULL, NULL, NULL)', 0)
 2 SYSTEMPATH\Database\BaseConnection.php(693): CodeIgniter\Database\MySQLi\Connection->execute('INSERT INTO `nilai_cf` (`penyakit`, `gejala`, `Nilai_MB`, `Nilai_MD`, `nilai_cf`) VALUES (NULL, NULL, NULL, NULL, NULL)')
 3 SYSTEMPATH\Database\BaseConnection.php(607): CodeIgniter\Database\BaseConnection->simpleQuery('INSERT INTO `nilai_cf` (`penyakit`, `gejala`, `Nilai_MB`, `Nilai_MD`, `nilai_cf`) VALUES (NULL, NULL, NULL, NULL, NULL)')
 4 SYSTEMPATH\Database\BaseBuilder.php(2302): CodeIgniter\Database\BaseConnection->query('INSERT INTO `nilai_cf` (`penyakit`, `gejala`, `Nilai_MB`, `Nilai_MD`, `nilai_cf`) VALUES (:penyakit:, :gejala:, :Nilai_MB:, :Nilai_MD:, :nilai_cf:)', [...], false)
 5 SYSTEMPATH\Model.php(326): CodeIgniter\Database\BaseBuilder->insert()
 6 SYSTEMPATH\BaseModel.php(802): CodeIgniter\Model->doInsert([...])
 7 SYSTEMPATH\Model.php(744): CodeIgniter\BaseModel->insert([...], true)
 8 APPPATH\Controllers\NilaiCf.php(55): CodeIgniter\Model->insert([...])
 9 SYSTEMPATH\CodeIgniter.php(941): App\Controllers\NilaiCf->simpan()
10 SYSTEMPATH\CodeIgniter.php(502): CodeIgniter\CodeIgniter->runController(Object(App\Controllers\NilaiCf))
11 SYSTEMPATH\CodeIgniter.php(361): CodeIgniter\CodeIgniter->handleRequest(null, Object(Config\Cache), false)
12 FCPATH\index.php(79): CodeIgniter\CodeIgniter->run()
13 SYSTEMPATH\Commands\Server\rewrite.php(47): require_once('C:\\xampp\\htdocs\\FIKRI\\public\\index.php')
ERROR - 2024-05-07 10:22:18 --> mysqli_sql_exception: Column 'penyakit' cannot be null in C:\xampp\htdocs\FIKRI\system\Database\MySQLi\Connection.php:306
Stack trace:
#0 C:\xampp\htdocs\FIKRI\system\Database\MySQLi\Connection.php(306): mysqli->query('INSERT INTO `ni...', 0)
#1 C:\xampp\htdocs\FIKRI\system\Database\BaseConnection.php(693): CodeIgniter\Database\MySQLi\Connection->execute('INSERT INTO `ni...')
#2 C:\xampp\htdocs\FIKRI\system\Database\BaseConnection.php(607): CodeIgniter\Database\BaseConnection->simpleQuery('INSERT INTO `ni...')
#3 C:\xampp\htdocs\FIKRI\system\Database\BaseBuilder.php(2302): CodeIgniter\Database\BaseConnection->query('INSERT INTO `ni...', Array, false)
#4 C:\xampp\htdocs\FIKRI\system\Model.php(326): CodeIgniter\Database\BaseBuilder->insert()
#5 C:\xampp\htdocs\FIKRI\system\BaseModel.php(802): CodeIgniter\Model->doInsert(Array)
#6 C:\xampp\htdocs\FIKRI\system\Model.php(744): CodeIgniter\BaseModel->insert(Array, true)
#7 C:\xampp\htdocs\FIKRI\app\Controllers\NilaiCf.php(54): CodeIgniter\Model->insert(Array)
#8 C:\xampp\htdocs\FIKRI\system\CodeIgniter.php(941): App\Controllers\NilaiCf->simpan()
#9 C:\xampp\htdocs\FIKRI\system\CodeIgniter.php(502): CodeIgniter\CodeIgniter->runController(Object(App\Controllers\NilaiCf))
#10 C:\xampp\htdocs\FIKRI\system\CodeIgniter.php(361): CodeIgniter\CodeIgniter->handleRequest(NULL, Object(Config\Cache), false)
#11 C:\xampp\htdocs\FIKRI\public\index.php(79): CodeIgniter\CodeIgniter->run()
#12 C:\xampp\htdocs\FIKRI\system\Commands\Server\rewrite.php(47): require_once('C:\\xampp\\htdocs...')
#13 {main}
CRITICAL - 2024-05-07 10:22:18 --> CodeIgniter\Database\Exceptions\DatabaseException: Column 'penyakit' cannot be null
in SYSTEMPATH\Database\BaseConnection.php on line 647.
 1 SYSTEMPATH\Database\BaseBuilder.php(2302): CodeIgniter\Database\BaseConnection->query('INSERT INTO `nilai_cf` (`penyakit`, `gejala`, `Nilai_MB`, `Nilai_MD`) VALUES (:penyakit:, :gejala:, :Nilai_MB:, :Nilai_MD:)', [...], false)
 2 SYSTEMPATH\Model.php(326): CodeIgniter\Database\BaseBuilder->insert()
 3 SYSTEMPATH\BaseModel.php(802): CodeIgniter\Model->doInsert([...])
 4 SYSTEMPATH\Model.php(744): CodeIgniter\BaseModel->insert([...], true)
 5 APPPATH\Controllers\NilaiCf.php(54): CodeIgniter\Model->insert([...])
 6 SYSTEMPATH\CodeIgniter.php(941): App\Controllers\NilaiCf->simpan()
 7 SYSTEMPATH\CodeIgniter.php(502): CodeIgniter\CodeIgniter->runController(Object(App\Controllers\NilaiCf))
 8 SYSTEMPATH\CodeIgniter.php(361): CodeIgniter\CodeIgniter->handleRequest(null, Object(Config\Cache), false)
 9 FCPATH\index.php(79): CodeIgniter\CodeIgniter->run()
10 SYSTEMPATH\Commands\Server\rewrite.php(47): require_once('C:\\xampp\\htdocs\\FIKRI\\public\\index.php')
CRITICAL - 2024-05-07 10:22:18 --> [Caused by] CodeIgniter\Database\Exceptions\DatabaseException: Column 'penyakit' cannot be null
in SYSTEMPATH\Database\MySQLi\Connection.php on line 311.
 1 SYSTEMPATH\Database\BaseConnection.php(693): CodeIgniter\Database\MySQLi\Connection->execute('INSERT INTO `nilai_cf` (`penyakit`, `gejala`, `Nilai_MB`, `Nilai_MD`) VALUES (NULL, NULL, NULL, NULL)')
 2 SYSTEMPATH\Database\BaseConnection.php(607): CodeIgniter\Database\BaseConnection->simpleQuery('INSERT INTO `nilai_cf` (`penyakit`, `gejala`, `Nilai_MB`, `Nilai_MD`) VALUES (NULL, NULL, NULL, NULL)')
 3 SYSTEMPATH\Database\BaseBuilder.php(2302): CodeIgniter\Database\BaseConnection->query('INSERT INTO `nilai_cf` (`penyakit`, `gejala`, `Nilai_MB`, `Nilai_MD`) VALUES (:penyakit:, :gejala:, :Nilai_MB:, :Nilai_MD:)', [...], false)
 4 SYSTEMPATH\Model.php(326): CodeIgniter\Database\BaseBuilder->insert()
 5 SYSTEMPATH\BaseModel.php(802): CodeIgniter\Model->doInsert([...])
 6 SYSTEMPATH\Model.php(744): CodeIgniter\BaseModel->insert([...], true)
 7 APPPATH\Controllers\NilaiCf.php(54): CodeIgniter\Model->insert([...])
 8 SYSTEMPATH\CodeIgniter.php(941): App\Controllers\NilaiCf->simpan()
 9 SYSTEMPATH\CodeIgniter.php(502): CodeIgniter\CodeIgniter->runController(Object(App\Controllers\NilaiCf))
10 SYSTEMPATH\CodeIgniter.php(361): CodeIgniter\CodeIgniter->handleRequest(null, Object(Config\Cache), false)
11 FCPATH\index.php(79): CodeIgniter\CodeIgniter->run()
12 SYSTEMPATH\Commands\Server\rewrite.php(47): require_once('C:\\xampp\\htdocs\\FIKRI\\public\\index.php')
CRITICAL - 2024-05-07 10:22:18 --> [Caused by] mysqli_sql_exception: Column 'penyakit' cannot be null
in SYSTEMPATH\Database\MySQLi\Connection.php on line 306.
 1 SYSTEMPATH\Database\MySQLi\Connection.php(306): mysqli->query('INSERT INTO `nilai_cf` (`penyakit`, `gejala`, `Nilai_MB`, `Nilai_MD`) VALUES (NULL, NULL, NULL, NULL)', 0)
 2 SYSTEMPATH\Database\BaseConnection.php(693): CodeIgniter\Database\MySQLi\Connection->execute('INSERT INTO `nilai_cf` (`penyakit`, `gejala`, `Nilai_MB`, `Nilai_MD`) VALUES (NULL, NULL, NULL, NULL)')
 3 SYSTEMPATH\Database\BaseConnection.php(607): CodeIgniter\Database\BaseConnection->simpleQuery('INSERT INTO `nilai_cf` (`penyakit`, `gejala`, `Nilai_MB`, `Nilai_MD`) VALUES (NULL, NULL, NULL, NULL)')
 4 SYSTEMPATH\Database\BaseBuilder.php(2302): CodeIgniter\Database\BaseConnection->query('INSERT INTO `nilai_cf` (`penyakit`, `gejala`, `Nilai_MB`, `Nilai_MD`) VALUES (:penyakit:, :gejala:, :Nilai_MB:, :Nilai_MD:)', [...], false)
 5 SYSTEMPATH\Model.php(326): CodeIgniter\Database\BaseBuilder->insert()
 6 SYSTEMPATH\BaseModel.php(802): CodeIgniter\Model->doInsert([...])
 7 SYSTEMPATH\Model.php(744): CodeIgniter\BaseModel->insert([...], true)
 8 APPPATH\Controllers\NilaiCf.php(54): CodeIgniter\Model->insert([...])
 9 SYSTEMPATH\CodeIgniter.php(941): App\Controllers\NilaiCf->simpan()
10 SYSTEMPATH\CodeIgniter.php(502): CodeIgniter\CodeIgniter->runController(Object(App\Controllers\NilaiCf))
11 SYSTEMPATH\CodeIgniter.php(361): CodeIgniter\CodeIgniter->handleRequest(null, Object(Config\Cache), false)
12 FCPATH\index.php(79): CodeIgniter\CodeIgniter->run()
13 SYSTEMPATH\Commands\Server\rewrite.php(47): require_once('C:\\xampp\\htdocs\\FIKRI\\public\\index.php')
INFO - 2024-05-07 10:22:22 --> Session: Class initialized using 'CodeIgniter\Session\Handlers\FileHandler' driver.
INFO - 2024-05-07 10:22:37 --> Session: Class initialized using 'CodeIgniter\Session\Handlers\FileHandler' driver.
INFO - 2024-05-07 10:22:53 --> Session: Class initialized using 'CodeIgniter\Session\Handlers\FileHandler' driver.
INFO - 2024-05-07 10:22:53 --> Session: Class initialized using 'CodeIgniter\Session\Handlers\FileHandler' driver.
CRITICAL - 2024-05-07 10:22:53 --> ErrorException: Undefined array key "id_penyakit"
in APPPATH\Views\nilai\index.php on line 34.
 1 APPPATH\Views\nilai\index.php(34): CodeIgniter\Debug\Exceptions->errorHandler(2, 'Undefined array key "id_penyakit"', 'C:\\xampp\\htdocs\\FIKRI\\app\\Views\\nilai\\index.php', 34)
 2 SYSTEMPATH\View\View.php(228): include('C:\\xampp\\htdocs\\FIKRI\\app\\Views\\nilai\\index.php')
 3 SYSTEMPATH\View\View.php(231): CodeIgniter\View\View->CodeIgniter\View\{closure}()
 4 SYSTEMPATH\Common.php(1178): CodeIgniter\View\View->render('nilai/index', [], true)
 5 APPPATH\Views\layout\v_content.php(3): view('nilai/index')
 6 SYSTEMPATH\View\View.php(228): include('C:\\xampp\\htdocs\\FIKRI\\app\\Views\\layout\\v_content.php')
 7 SYSTEMPATH\View\View.php(231): CodeIgniter\View\View->CodeIgniter\View\{closure}()
 8 SYSTEMPATH\Common.php(1178): CodeIgniter\View\View->render('layout/v_content', [], true)
 9 APPPATH\Views\layout\v_wrapper.php(5): view('layout/v_content')
10 SYSTEMPATH\View\View.php(228): include('C:\\xampp\\htdocs\\FIKRI\\app\\Views\\layout\\v_wrapper.php')
11 SYSTEMPATH\View\View.php(231): CodeIgniter\View\View->CodeIgniter\View\{closure}()
12 SYSTEMPATH\Common.php(1178): CodeIgniter\View\View->render('layout/v_wrapper', [], true)
13 APPPATH\Controllers\NilaiCf.php(31): view('layout/v_wrapper', [...])
14 SYSTEMPATH\CodeIgniter.php(941): App\Controllers\NilaiCf->index()
15 SYSTEMPATH\CodeIgniter.php(502): CodeIgniter\CodeIgniter->runController(Object(App\Controllers\NilaiCf))
16 SYSTEMPATH\CodeIgniter.php(361): CodeIgniter\CodeIgniter->handleRequest(null, Object(Config\Cache), false)
17 FCPATH\index.php(79): CodeIgniter\CodeIgniter->run()
18 SYSTEMPATH\Commands\Server\rewrite.php(47): require_once('C:\\xampp\\htdocs\\FIKRI\\public\\index.php')
INFO - 2024-05-07 10:23:48 --> Session: Class initialized using 'CodeIgniter\Session\Handlers\FileHandler' driver.
CRITICAL - 2024-05-07 10:23:48 --> ErrorException: Undefined array key "Nilai_MB"
in APPPATH\Views\nilai\index.php on line 35.
 1 APPPATH\Views\nilai\index.php(35): CodeIgniter\Debug\Exceptions->errorHandler(2, 'Undefined array key "Nilai_MB"', 'C:\\xampp\\htdocs\\FIKRI\\app\\Views\\nilai\\index.php', 35)
 2 SYSTEMPATH\View\View.php(228): include('C:\\xampp\\htdocs\\FIKRI\\app\\Views\\nilai\\index.php')
 3 SYSTEMPATH\View\View.php(231): CodeIgniter\View\View->CodeIgniter\View\{closure}()
 4 SYSTEMPATH\Common.php(1178): CodeIgniter\View\View->render('nilai/index', [], true)
 5 APPPATH\Views\layout\v_content.php(3): view('nilai/index')
 6 SYSTEMPATH\View\View.php(228): include('C:\\xampp\\htdocs\\FIKRI\\app\\Views\\layout\\v_content.php')
 7 SYSTEMPATH\View\View.php(231): CodeIgniter\View\View->CodeIgniter\View\{closure}()
 8 SYSTEMPATH\Common.php(1178): CodeIgniter\View\View->render('layout/v_content', [], true)
 9 APPPATH\Views\layout\v_wrapper.php(5): view('layout/v_content')
10 SYSTEMPATH\View\View.php(228): include('C:\\xampp\\htdocs\\FIKRI\\app\\Views\\layout\\v_wrapper.php')
11 SYSTEMPATH\View\View.php(231): CodeIgniter\View\View->CodeIgniter\View\{closure}()
12 SYSTEMPATH\Common.php(1178): CodeIgniter\View\View->render('layout/v_wrapper', [], true)
13 APPPATH\Controllers\NilaiCf.php(31): view('layout/v_wrapper', [...])
14 SYSTEMPATH\CodeIgniter.php(941): App\Controllers\NilaiCf->index()
15 SYSTEMPATH\CodeIgniter.php(502): CodeIgniter\CodeIgniter->runController(Object(App\Controllers\NilaiCf))
16 SYSTEMPATH\CodeIgniter.php(361): CodeIgniter\CodeIgniter->handleRequest(null, Object(Config\Cache), false)
17 FCPATH\index.php(79): CodeIgniter\CodeIgniter->run()
18 SYSTEMPATH\Commands\Server\rewrite.php(47): require_once('C:\\xampp\\htdocs\\FIKRI\\public\\index.php')
INFO - 2024-05-07 10:25:53 --> Session: Class initialized using 'CodeIgniter\Session\Handlers\FileHandler' driver.
CRITICAL - 2024-05-07 10:25:53 --> ErrorException: Undefined array key "nilai_cf"
in APPPATH\Views\nilai\index.php on line 37.
 1 APPPATH\Views\nilai\index.php(37): CodeIgniter\Debug\Exceptions->errorHandler(2, 'Undefined array key "nilai_cf"', 'C:\\xampp\\htdocs\\FIKRI\\app\\Views\\nilai\\index.php', 37)
 2 SYSTEMPATH\View\View.php(228): include('C:\\xampp\\htdocs\\FIKRI\\app\\Views\\nilai\\index.php')
 3 SYSTEMPATH\View\View.php(231): CodeIgniter\View\View->CodeIgniter\View\{closure}()
 4 SYSTEMPATH\Common.php(1178): CodeIgniter\View\View->render('nilai/index', [], true)
 5 APPPATH\Views\layout\v_content.php(3): view('nilai/index')
 6 SYSTEMPATH\View\View.php(228): include('C:\\xampp\\htdocs\\FIKRI\\app\\Views\\layout\\v_content.php')
 7 SYSTEMPATH\View\View.php(231): CodeIgniter\View\View->CodeIgniter\View\{closure}()
 8 SYSTEMPATH\Common.php(1178): CodeIgniter\View\View->render('layout/v_content', [], true)
 9 APPPATH\Views\layout\v_wrapper.php(5): view('layout/v_content')
10 SYSTEMPATH\View\View.php(228): include('C:\\xampp\\htdocs\\FIKRI\\app\\Views\\layout\\v_wrapper.php')
11 SYSTEMPATH\View\View.php(231): CodeIgniter\View\View->CodeIgniter\View\{closure}()
12 SYSTEMPATH\Common.php(1178): CodeIgniter\View\View->render('layout/v_wrapper', [], true)
13 APPPATH\Controllers\NilaiCf.php(31): view('layout/v_wrapper', [...])
14 SYSTEMPATH\CodeIgniter.php(941): App\Controllers\NilaiCf->index()
15 SYSTEMPATH\CodeIgniter.php(502): CodeIgniter\CodeIgniter->runController(Object(App\Controllers\NilaiCf))
16 SYSTEMPATH\CodeIgniter.php(361): CodeIgniter\CodeIgniter->handleRequest(null, Object(Config\Cache), false)
17 FCPATH\index.php(79): CodeIgniter\CodeIgniter->run()
18 SYSTEMPATH\Commands\Server\rewrite.php(47): require_once('C:\\xampp\\htdocs\\FIKRI\\public\\index.php')
INFO - 2024-05-07 10:26:07 --> Session: Class initialized using 'CodeIgniter\Session\Handlers\FileHandler' driver.
INFO - 2024-05-07 10:26:11 --> Session: Class initialized using 'CodeIgniter\Session\Handlers\FileHandler' driver.
INFO - 2024-05-07 10:26:13 --> Session: Class initialized using 'CodeIgniter\Session\Handlers\FileHandler' driver.
INFO - 2024-05-07 10:26:22 --> Session: Class initialized using 'CodeIgniter\Session\Handlers\FileHandler' driver.
INFO - 2024-05-07 10:26:32 --> Session: Class initialized using 'CodeIgniter\Session\Handlers\FileHandler' driver.
ERROR - 2024-05-07 15:31:24 --> Error connecting to the database: mysqli_sql_exception: No connection could be made because the target machine actively refused it in C:\xampp\htdocs\FIKRI\system\Database\MySQLi\Connection.php:185
Stack trace:
#0 C:\xampp\htdocs\FIKRI\system\Database\MySQLi\Connection.php(185): mysqli->real_connect('localhost', 'root', '', 'pakar', 3306, '', 0)
#1 C:\xampp\htdocs\FIKRI\system\Database\BaseConnection.php(392): CodeIgniter\Database\MySQLi\Connection->connect(false)
#2 C:\xampp\htdocs\FIKRI\system\Database\BaseConnection.php(575): CodeIgniter\Database\BaseConnection->initialize()
#3 C:\xampp\htdocs\FIKRI\system\Database\BaseBuilder.php(1613): CodeIgniter\Database\BaseConnection->query('SELECT *\nFROM `...', Array, false)
#4 C:\xampp\htdocs\FIKRI\system\Model.php(270): CodeIgniter\Database\BaseBuilder->get()
#5 C:\xampp\htdocs\FIKRI\system\BaseModel.php(676): CodeIgniter\Model->doFirst()
#6 C:\xampp\htdocs\FIKRI\app\Controllers\Auth.php(26): CodeIgniter\BaseModel->first()
#7 C:\xampp\htdocs\FIKRI\system\CodeIgniter.php(941): App\Controllers\Auth->login()
#8 C:\xampp\htdocs\FIKRI\system\CodeIgniter.php(502): CodeIgniter\CodeIgniter->runController(Object(App\Controllers\Auth))
#9 C:\xampp\htdocs\FIKRI\system\CodeIgniter.php(361): CodeIgniter\CodeIgniter->handleRequest(NULL, Object(Config\Cache), false)
#10 C:\xampp\htdocs\FIKRI\public\index.php(79): CodeIgniter\CodeIgniter->run()
#11 C:\xampp\htdocs\FIKRI\system\Commands\Server\rewrite.php(47): require_once('C:\\xampp\\htdocs...')
#12 {main}

Next CodeIgniter\Database\Exceptions\DatabaseException: No connection could be made because the target machine actively refused it in C:\xampp\htdocs\FIKRI\system\Database\MySQLi\Connection.php:229
Stack trace:
#0 C:\xampp\htdocs\FIKRI\system\Database\BaseConnection.php(392): CodeIgniter\Database\MySQLi\Connection->connect(false)
#1 C:\xampp\htdocs\FIKRI\system\Database\BaseConnection.php(575): CodeIgniter\Database\BaseConnection->initialize()
#2 C:\xampp\htdocs\FIKRI\system\Database\BaseBuilder.php(1613): CodeIgniter\Database\BaseConnection->query('SELECT *\nFROM `...', Array, false)
#3 C:\xampp\htdocs\FIKRI\system\Model.php(270): CodeIgniter\Database\BaseBuilder->get()
#4 C:\xampp\htdocs\FIKRI\system\BaseModel.php(676): CodeIgniter\Model->doFirst()
#5 C:\xampp\htdocs\FIKRI\app\Controllers\Auth.php(26): CodeIgniter\BaseModel->first()
#6 C:\xampp\htdocs\FIKRI\system\CodeIgniter.php(941): App\Controllers\Auth->login()
#7 C:\xampp\htdocs\FIKRI\system\CodeIgniter.php(502): CodeIgniter\CodeIgniter->runController(Object(App\Controllers\Auth))
#8 C:\xampp\htdocs\FIKRI\system\CodeIgniter.php(361): CodeIgniter\CodeIgniter->handleRequest(NULL, Object(Config\Cache), false)
#9 C:\xampp\htdocs\FIKRI\public\index.php(79): CodeIgniter\CodeIgniter->run()
#10 C:\xampp\htdocs\FIKRI\system\Commands\Server\rewrite.php(47): require_once('C:\\xampp\\htdocs...')
#11 {main}
CRITICAL - 2024-05-07 15:31:24 --> CodeIgniter\Database\Exceptions\DatabaseException: Unable to connect to the database.
Main connection [MySQLi]: No connection could be made because the target machine actively refused it
in SYSTEMPATH\Database\BaseConnection.php on line 428.
 1 SYSTEMPATH\Database\BaseConnection.php(575): CodeIgniter\Database\BaseConnection->initialize()
 2 SYSTEMPATH\Database\BaseBuilder.php(1613): CodeIgniter\Database\BaseConnection->query('SELECT *
FROM `users`
WHERE `username` = :username:
 LIMIT 1', [...], false)
 3 SYSTEMPATH\Model.php(270): CodeIgniter\Database\BaseBuilder->get()
 4 SYSTEMPATH\BaseModel.php(676): CodeIgniter\Model->doFirst()
 5 APPPATH\Controllers\Auth.php(26): CodeIgniter\BaseModel->first()
 6 SYSTEMPATH\CodeIgniter.php(941): App\Controllers\Auth->login()
 7 SYSTEMPATH\CodeIgniter.php(502): CodeIgniter\CodeIgniter->runController(Object(App\Controllers\Auth))
 8 SYSTEMPATH\CodeIgniter.php(361): CodeIgniter\CodeIgniter->handleRequest(null, Object(Config\Cache), false)
 9 FCPATH\index.php(79): CodeIgniter\CodeIgniter->run()
10 SYSTEMPATH\Commands\Server\rewrite.php(47): require_once('C:\\xampp\\htdocs\\FIKRI\\public\\index.php')
INFO - 2024-05-07 15:31:57 --> Session: Class initialized using 'CodeIgniter\Session\Handlers\FileHandler' driver.
INFO - 2024-05-07 15:32:09 --> Session: Class initialized using 'CodeIgniter\Session\Handlers\FileHandler' driver.
INFO - 2024-05-07 15:32:09 --> Session: Class initialized using 'CodeIgniter\Session\Handlers\FileHandler' driver.
INFO - 2024-05-07 15:32:11 --> Session: Class initialized using 'CodeIgniter\Session\Handlers\FileHandler' driver.
INFO - 2024-05-07 15:32:29 --> Session: Class initialized using 'CodeIgniter\Session\Handlers\FileHandler' driver.
INFO - 2024-05-07 15:38:03 --> Session: Class initialized using 'CodeIgniter\Session\Handlers\FileHandler' driver.
INFO - 2024-05-07 15:38:04 --> Session: Class initialized using 'CodeIgniter\Session\Handlers\FileHandler' driver.
